Education_WP_[v3.0.4].rar
SupChat
acg
agrodeal
allomaquis
backup
blog
bridgeKService.pem
buzzyafrica
buzzyafrica-backup
buzzyafrica.sql
cepheus
cepheus.sh
cfao
cinetpay
citroen
cms
commit-example
cubby
database.sh
db_pass
deal_bg.jpeg
default-site.sh
demo
demo-back
demo-event
demo-voyaj
deploy.sh
devis
devis.zip
drop-sql.sh
ebiblio
ebiblio.sh
ejeknkjnjkwn99.jpg
eliasse
eliasse.zip
erpnext
etudes
exploit
fidelis
fisca
flash-demo
flash-test
flashier-dev
florias
flowersnow
forge-test.sh
formateur
formateur-back
forum
github
horizon
id_rsa.pub
ij999j9.png
ijiuenijen9999kj9.png
iptables.sh
jcg
landing
landing-old
latest.tar.gz
leaderconseils
learn-laravel
learn-test
letsencrypt-zimbra.sh
logo.png
lsk
luna
malife
malife scan.apk
metier
mitsubishi
mon-metier
mvc
officiel
openzik
orange-pay
orange-pay-back copy
orange-pay.zip
orus
package-lock.json
peugeot
pinsdeal
playsms
playsms.zip
profile
provision-1.sh
provision-4.sh
provision-6.sh
provision-ebiblio-1.sh
provision-ebiblio-2.sh
provision-snedai-1.sh
reconnect.sh
sante-express
scripts
snedai
snedai-git.sh
snedai.sh
souclou
souclou alias
souclou.sql
ssh-keys.sh
talil
talil.zip
test-port.d
test-port.d-e
test.php
test.sh
urur889h89.webp
voyaj
wordpress-4.8.3-fr_FR.zip
wordpress.zip
yana-server-master
yana.sh
youlh.jpeg
youssoufcherif
yuri
mkdir: kady: File exists
cat: bb.text: No such file or directory
