--2018-05-28 04:08:21--  http://wordpress.org/latest.tar.gz
Resolving wordpress.org (wordpress.org)... 198.143.164.252
Connecting to wordpress.org (wordpress.org)|198.143.164.252|:80... connected.
HTTP request sent, awaiting response... 301 Moved Permanently
Location: https://wordpress.org/latest.tar.gz [following]
--2018-05-28 04:08:21--  https://wordpress.org/latest.tar.gz
Connecting to wordpress.org (wordpress.org)|198.143.164.252|:443... connected.
HTTP request sent, awaiting response... 200 OK
Length: 8740389 (8.3M) [application/octet-stream]
Saving to: ‘latest.tar.gz’

     0K .......... .......... .......... .......... ..........  0%  700K 12s
    50K .......... .......... .......... .......... ..........  1%  853K 11s
   100K .......... .......... .......... .......... ..........  1% 1.71M 9s
   150K .......... .......... .......... .......... ..........  2% 2.12M 8s
   200K .......... .......... .......... .......... ..........  2% 2.81M 7s
   250K .......... .......... .......... .......... ..........  3% 3.19M 6s
   300K .......... .......... .......... .......... ..........  4% 5.21M 5s
   350K .......... .......... .......... .......... ..........  4% 5.36M 5s
   400K .......... .......... .......... .......... ..........  5% 6.24M 4s
   450K .......... .......... .......... .......... ..........  5% 5.96M 4s
   500K .......... .......... .......... .......... ..........  6% 8.21M 4s
   550K .......... .......... .......... .......... ..........  7% 7.76M 3s
   600K .......... .......... .......... .......... ..........  7% 9.18M 3s
   650K .......... .......... .......... .......... ..........  8% 6.53M 3s
   700K .......... .......... .......... .......... ..........  8% 13.0M 3s
   750K .......... .......... .......... .......... ..........  9% 10.0M 3s
   800K .......... .......... .......... .......... ..........  9% 14.1M 3s
   850K .......... .......... .......... .......... .......... 10% 12.6M 2s
   900K .......... .......... .......... .......... .......... 11% 12.4M 2s
   950K .......... .......... .......... .......... .......... 11% 18.2M 2s
  1000K .......... .......... .......... .......... .......... 12% 14.3M 2s
  1050K .......... .......... .......... .......... .......... 12% 12.3M 2s
  1100K .......... .......... .......... .......... .......... 13% 17.0M 2s
  1150K .......... .......... .......... .......... .......... 14% 16.1M 2s
  1200K .......... .......... .......... .......... .......... 14% 17.1M 2s
  1250K .......... .......... .......... .......... .......... 15% 13.0M 2s
  1300K .......... .......... .......... .......... .......... 15% 36.1M 2s
  1350K .......... .......... .......... .......... .......... 16% 16.4M 2s
  1400K .......... .......... .......... .......... .......... 16% 23.1M 2s
  1450K .......... .......... .......... .......... .......... 17% 15.0M 2s
  1500K .......... .......... .......... .......... .......... 18% 24.9M 1s
  1550K .......... .......... .......... .......... .......... 18% 25.2M 1s
  1600K .......... .......... .......... .......... .......... 19% 24.3M 1s
  1650K .......... .......... .......... .......... .......... 19% 19.1M 1s
  1700K .......... .......... .......... .......... .......... 20% 31.8M 1s
  1750K .......... .......... .......... .......... .......... 21% 25.2M 1s
  1800K .......... .......... .......... .......... .......... 21% 27.1M 1s
  1850K .......... .......... .......... .......... .......... 22% 20.5M 1s
  1900K .......... .......... .......... .......... .......... 22% 29.3M 1s
  1950K .......... .......... .......... .......... .......... 23% 38.4M 1s
  2000K .......... .......... .......... .......... .......... 24% 21.3M 1s
  2050K .......... .......... .......... .......... .......... 24% 31.1M 1s
  2100K .......... .......... .......... .......... .......... 25% 30.5M 1s
  2150K .......... .......... .......... .......... .......... 25% 48.9M 1s
  2200K .......... .......... .......... .......... .......... 26% 24.5M 1s
  2250K .......... .......... .......... .......... .......... 26% 27.0M 1s
  2300K .......... .......... .......... .......... .......... 27% 46.2M 1s
  2350K .......... .......... .......... .......... .......... 28% 52.9M 1s
  2400K .......... .......... .......... .......... .......... 28% 8.79M 1s
  2450K .......... .......... .......... .......... .......... 29% 18.2M 1s
  2500K .......... .......... .......... .......... .......... 29%  114M 1s
  2550K .......... .......... .......... .......... .......... 30%  120M 1s
  2600K .......... .......... .......... .......... .......... 31% 94.6M 1s
  2650K .......... .......... .......... .......... .......... 31%  132M 1s
  2700K .......... .......... .......... .......... .......... 32% 50.8M 1s
  2750K .......... .......... .......... .......... .......... 32% 57.3M 1s
  2800K .......... .......... .......... .......... .......... 33% 48.9M 1s
  2850K .......... .......... .......... .......... .......... 33% 38.7M 1s
  2900K .......... .......... .......... .......... .......... 34% 28.1M 1s
  2950K .......... .......... .......... .......... .......... 35% 80.8M 1s
  3000K .......... .......... .......... .......... .......... 35% 56.4M 1s
  3050K .......... .......... .......... .......... .......... 36% 22.4M 1s
  3100K .......... .......... .......... .......... .......... 36% 75.3M 1s
  3150K .......... .......... .......... .......... .......... 37% 2.90M 1s
  3200K .......... .......... .......... .......... .......... 38% 39.6M 1s
  3250K .......... .......... .......... .......... .......... 38% 76.0M 1s
  3300K .......... .......... .......... .......... .......... 39%  182M 1s
  3350K .......... .......... .......... .......... .......... 39% 92.5M 1s
  3400K .......... .......... .......... .......... .......... 40%  194M 1s
  3450K .......... .......... .......... .......... .......... 41% 99.1M 1s
  3500K .......... .......... .......... .......... .......... 41%  139M 1s
  3550K .......... .......... .......... .......... .......... 42%  198M 1s
  3600K .......... .......... .......... .......... .......... 42%  160M 1s
  3650K .......... .......... .......... .......... .......... 43%  186M 1s
  3700K .......... .......... .......... .......... .......... 43% 7.36M 1s
  3750K .......... .......... .......... .......... .......... 44%  134M 1s
  3800K .......... .......... .......... .......... .......... 45%  132M 0s
  3850K .......... .......... .......... .......... .......... 45% 81.4M 0s
  3900K .......... .......... .......... .......... .......... 46%  202M 0s
  3950K .......... .......... .......... .......... .......... 46%  197M 0s
  4000K .......... .......... .......... .......... .......... 47%  210M 0s
  4050K .......... .......... .......... .......... .......... 48%  172M 0s
  4100K .......... .......... .......... .......... .......... 48%  211M 0s
  4150K .......... .......... .......... .......... .......... 49%  184M 0s
  4200K .......... .......... .......... .......... .......... 49%  140M 0s
  4250K .......... .......... .......... .......... .......... 50%  170M 0s
  4300K .......... .......... .......... .......... .......... 50%  215M 0s
  4350K .......... .......... .......... .......... .......... 51%  214M 0s
  4400K .......... .......... .......... .......... .......... 52%  170M 0s
  4450K .......... .......... .......... .......... .......... 52%  123M 0s
  4500K .......... .......... .......... .......... .......... 53%  120M 0s
  4550K .......... .......... .......... .......... .......... 53%  124M 0s
  4600K .......... .......... .......... .......... .......... 54%  180M 0s
  4650K .......... .......... .......... .......... .......... 55%  178M 0s
  4700K .......... .......... .......... .......... .......... 55%  199M 0s
  4750K .......... .......... .......... .......... .......... 56% 18.3M 0s
  4800K .......... .......... .......... .......... .......... 56% 70.4M 0s
  4850K .......... .......... .......... .......... .......... 57% 77.5M 0s
  4900K .......... .......... .......... .......... .......... 57% 61.2M 0s
  4950K .......... .......... .......... .......... .......... 58% 75.2M 0s
  5000K .......... .......... .......... .......... .......... 59%  118M 0s
  5050K .......... .......... .......... .......... .......... 59% 98.7M 0s
  5100K .......... .......... .......... .......... .......... 60%  135M 0s
  5150K .......... .......... .......... .......... .......... 60%  120M 0s
  5200K .......... .......... .......... .......... .......... 61% 75.6M 0s
  5250K .......... .......... .......... .......... .......... 62% 64.4M 0s
  5300K .......... .......... .......... .......... .......... 62%  106M 0s
  5350K .......... .......... .......... .......... .......... 63%  112M 0s
  5400K .......... .......... .......... .......... .......... 63%  137M 0s
  5450K .......... .......... .......... .......... .......... 64% 88.8M 0s
  5500K .......... .......... .......... .......... .......... 65% 61.6M 0s
  5550K .......... .......... .......... .......... .......... 65% 38.3M 0s
  5600K .......... .......... .......... .......... .......... 66% 87.3M 0s
  5650K .......... .......... .......... .......... .......... 66%  159M 0s
  5700K .......... .......... .......... .......... .......... 67%  103M 0s
  5750K .......... .......... .......... .......... .......... 67% 80.2M 0s
  5800K .......... .......... .......... .......... .......... 68%  105M 0s
  5850K .......... .......... .......... .......... .......... 69%  164M 0s
  5900K .......... .......... .......... .......... .......... 69%  137M 0s
  5950K .......... .......... .......... .......... .......... 70%  140M 0s
  6000K .......... .......... .......... .......... .......... 70%  109M 0s
  6050K .......... .......... .......... .......... .......... 71% 89.0M 0s
  6100K .......... .......... .......... .......... .......... 72%  123M 0s
  6150K .......... .......... .......... .......... .......... 72% 90.0M 0s
  6200K .......... .......... .......... .......... .......... 73%  207M 0s
  6250K .......... .......... .......... .......... .......... 73% 3.47M 0s
  6300K .......... .......... .......... .......... .......... 74%  101M 0s
  6350K .......... .......... .......... .......... .......... 74% 77.4M 0s
  6400K .......... .......... .......... .......... .......... 75% 51.7M 0s
  6450K .......... .......... .......... .......... .......... 76%  107M 0s
  6500K .......... .......... .......... .......... .......... 76% 92.3M 0s
  6550K .......... .......... .......... .......... .......... 77% 94.7M 0s
  6600K .......... .......... .......... .......... .......... 77%  102M 0s
  6650K .......... .......... .......... .......... .......... 78%  134M 0s
  6700K .......... .......... .......... .......... .......... 79%  152M 0s
  6750K .......... .......... .......... .......... .......... 79%  189M 0s
  6800K .......... .......... .......... .......... .......... 80%  182M 0s
  6850K .......... .......... .......... .......... .......... 80% 9.94M 0s
  6900K .......... .......... .......... .......... .......... 81% 86.2M 0s
  6950K .......... .......... .......... .......... .......... 82% 72.6M 0s
  7000K .......... .......... .......... .......... .......... 82%  157M 0s
  7050K .......... .......... .......... .......... .......... 83%  136M 0s
  7100K .......... .......... .......... .......... .......... 83%  225M 0s
  7150K .......... .......... .......... .......... .......... 84% 7.10M 0s
  7200K .......... .......... .......... .......... .......... 84% 52.5M 0s
  7250K .......... .......... .......... .......... .......... 85% 51.0M 0s
  7300K .......... .......... .......... .......... .......... 86% 99.3M 0s
  7350K .......... .......... .......... .......... .......... 86% 76.1M 0s
  7400K .......... .......... .......... .......... .......... 87% 78.9M 0s
  7450K .......... .......... .......... .......... .......... 87% 77.8M 0s
  7500K .......... .......... .......... .......... .......... 88% 92.9M 0s
  7550K .......... .......... .......... .......... .......... 89% 94.9M 0s
  7600K .......... .......... .......... .......... .......... 89% 97.3M 0s
  7650K .......... .......... .......... .......... .......... 90% 87.5M 0s
  7700K .......... .......... .......... .......... .......... 90% 80.0M 0s
  7750K .......... .......... .......... .......... .......... 91% 92.9M 0s
  7800K .......... .......... .......... .......... .......... 91% 99.9M 0s
  7850K .......... .......... .......... .......... .......... 92%  183M 0s
  7900K .......... .......... .......... .......... .......... 93%  210M 0s
  7950K .......... .......... .......... .......... .......... 93%  222M 0s
  8000K .......... .......... .......... .......... .......... 94%  169M 0s
  8050K .......... .......... .......... .......... .......... 94% 76.9M 0s
  8100K .......... .......... .......... .......... .......... 95%  198M 0s
  8150K .......... .......... .......... .......... .......... 96%  221M 0s
  8200K .......... .......... .......... .......... .......... 96%  225M 0s
  8250K .......... .......... .......... .......... .......... 97%  171M 0s
  8300K .......... .......... .......... .......... .......... 97%  214M 0s
  8350K .......... .......... .......... .......... .......... 98%  213M 0s
  8400K .......... .......... .......... .......... .......... 98%  210M 0s
  8450K .......... .......... .......... .......... .......... 99%  171M 0s
  8500K .......... .......... .......... .....                100%  235M=0.5s

2018-05-28 04:08:22 (17.6 MB/s) - ‘latest.tar.gz’ saved [8740389/8740389]

  % Total    % Received % Xferd  Average Speed   Time    Time     Time  Current
                                 Dload  Upload   Total   Spent    Left  Speed
  0     0    0     0    0     0      0      0 --:--:-- --:--:-- --:--:--     0100 4470k  100 4470k    0     0  24.6M      0 --:--:-- --:--:-- --:--:-- 24.6M
rm: cannot remove 'wp-config.php': No such file or directory
Success: Generated 'wp-config.php' file.
mv: cannot move 'wp-cli.phar' to '/usr/local/bin/wp': Permission denied
